The system is: Linux - 4.13.12-1-ARCH - x86_64
Compiling the C compiler identification source file "CMakeCCompilerId.c" succeeded.
Compiler: /usr/bin/cc 
Build flags: 
Id flags:  

The output was:
0


Compilation of the C compiler identification source "CMakeCCompilerId.c" produced "a.out"

The C compiler identification is GNU, found in "/home/picher/workSpace/codeHub/libgit2-0.26.0/CMakeFiles/3.9.6/CompilerIdC/a.out"

Determining if the C compiler works passed with the following output:
Change Dir: /home/picher/workSpace/codeHub/libgit2-0.26.0/CMakeFiles/CMakeTmp

Run Build Command:"/usr/bin/make" "cmTC_bfdd2/fast"
/usr/bin/make -f CMakeFiles/cmTC_bfdd2.dir/build.make CMakeFiles/cmTC_bfdd2.dir/build
make[1]: 进入目录“/home/picher/workSpace/codeHub/libgit2-0.26.0/CMakeFiles/CMakeTmp”
Building C object CMakeFiles/cmTC_bfdd2.dir/testCCompiler.c.o
/usr/bin/cc    -o CMakeFiles/cmTC_bfdd2.dir/testCCompiler.c.o   -c /home/picher/workSpace/codeHub/libgit2-0.26.0/CMakeFiles/CMakeTmp/testCCompiler.c
Linking C executable cmTC_bfdd2
/usr/bin/cmake -E cmake_link_script CMakeFiles/cmTC_bfdd2.dir/link.txt --verbose=1
/usr/bin/cc      -rdynamic CMakeFiles/cmTC_bfdd2.dir/testCCompiler.c.o  -o cmTC_bfdd2 
make[1]: 离开目录“/home/picher/workSpace/codeHub/libgit2-0.26.0/CMakeFiles/CMakeTmp”


Detecting C compiler ABI info compiled with the following output:
Change Dir: /home/picher/workSpace/codeHub/libgit2-0.26.0/CMakeFiles/CMakeTmp

Run Build Command:"/usr/bin/make" "cmTC_58fe7/fast"
/usr/bin/make -f CMakeFiles/cmTC_58fe7.dir/build.make CMakeFiles/cmTC_58fe7.dir/build
make[1]: 进入目录“/home/picher/workSpace/codeHub/libgit2-0.26.0/CMakeFiles/CMakeTmp”
Building C object CMakeFiles/cmTC_58fe7.dir/CMakeCCompilerABI.c.o
/usr/bin/cc    -o CMakeFiles/cmTC_58fe7.dir/CMakeCCompilerABI.c.o   -c /usr/share/cmake-3.9/Modules/CMakeCCompilerABI.c
Linking C executable cmTC_58fe7
/usr/bin/cmake -E cmake_link_script CMakeFiles/cmTC_58fe7.dir/link.txt --verbose=1
/usr/bin/cc     -v -rdynamic CMakeFiles/cmTC_58fe7.dir/CMakeCCompilerABI.c.o  -o cmTC_58fe7 
使用内建 specs。
COLLECT_GCC=/usr/bin/cc
COLLECT_LTO_WRAPPER=/usr/lib/gcc/x86_64-pc-linux-gnu/7.2.0/lto-wrapper
目标：x86_64-pc-linux-gnu
配置为：/build/gcc/src/gcc/configure --prefix=/usr --libdir=/usr/lib --libexecdir=/usr/lib --mandir=/usr/share/man --infodir=/usr/share/info --with-bugurl=https://bugs.archlinux.org/ --enable-languages=c,c++,ada,fortran,go,lto,objc,obj-c++ --enable-shared --enable-threads=posix --enable-libmpx --with-system-zlib --with-isl --enable-__cxa_atexit --disable-libunwind-exceptions --enable-clocale=gnu --disable-libstdcxx-pch --disable-libssp --enable-gnu-unique-object --enable-linker-build-id --enable-lto --enable-plugin --enable-install-libiberty --with-linker-hash-style=gnu --enable-gnu-indirect-function --disable-multilib --disable-werror --enable-checking=release --enable-default-pie --enable-default-ssp
线程模型：posix
gcc 版本 7.2.0 (GCC) 
COMPILER_PATH=/usr/lib/gcc/x86_64-pc-linux-gnu/7.2.0/:/usr/lib/gcc/x86_64-pc-linux-gnu/7.2.0/:/usr/lib/gcc/x86_64-pc-linux-gnu/:/usr/lib/gcc/x86_64-pc-linux-gnu/7.2.0/:/usr/lib/gcc/x86_64-pc-linux-gnu/
LIBRARY_PATH=/usr/lib/gcc/x86_64-pc-linux-gnu/7.2.0/:/usr/lib/gcc/x86_64-pc-linux-gnu/7.2.0/../../../../lib/:/lib/../lib/:/usr/lib/../lib/:/usr/lib/gcc/x86_64-pc-linux-gnu/7.2.0/../../../:/lib/:/usr/lib/
COLLECT_GCC_OPTIONS='-v' '-rdynamic' '-o' 'cmTC_58fe7' '-mtune=generic' '-march=x86-64'
 /usr/lib/gcc/x86_64-pc-linux-gnu/7.2.0/collect2 -plugin /usr/lib/gcc/x86_64-pc-linux-gnu/7.2.0/liblto_plugin.so -plugin-opt=/usr/lib/gcc/x86_64-pc-linux-gnu/7.2.0/lto-wrapper -plugin-opt=-fresolution=/tmp/ccgpn3vb.res -plugin-opt=-pass-through=-lgcc -plugin-opt=-pass-through=-lgcc_s -plugin-opt=-pass-through=-lc -plugin-opt=-pass-through=-lgcc -plugin-opt=-pass-through=-lgcc_s --build-id --eh-frame-hdr --hash-style=gnu -m elf_x86_64 -export-dynamic -dynamic-linker /lib64/ld-linux-x86-64.so.2 -pie -o cmTC_58fe7 /usr/lib/gcc/x86_64-pc-linux-gnu/7.2.0/../../../../lib/Scrt1.o /usr/lib/gcc/x86_64-pc-linux-gnu/7.2.0/../../../../lib/crti.o /usr/lib/gcc/x86_64-pc-linux-gnu/7.2.0/crtbeginS.o -L/usr/lib/gcc/x86_64-pc-linux-gnu/7.2.0 -L/usr/lib/gcc/x86_64-pc-linux-gnu/7.2.0/../../../../lib -L/lib/../lib -L/usr/lib/../lib -L/usr/lib/gcc/x86_64-pc-linux-gnu/7.2.0/../../.. CMakeFiles/cmTC_58fe7.dir/CMakeCCompilerABI.c.o -lgcc --as-needed -lgcc_s --no-as-needed -lc -lgcc --as-needed -lgcc_s --no-as-needed /usr/lib/gcc/x86_64-pc-linux-gnu/7.2.0/crtendS.o /usr/lib/gcc/x86_64-pc-linux-gnu/7.2.0/../../../../lib/crtn.o
COLLECT_GCC_OPTIONS='-v' '-rdynamic' '-o' 'cmTC_58fe7' '-mtune=generic' '-march=x86-64'
make[1]: 离开目录“/home/picher/workSpace/codeHub/libgit2-0.26.0/CMakeFiles/CMakeTmp”


Parsed C implicit link information from above output:
  link line regex: [^( *|.*[/\])(ld|CMAKE_LINK_STARTFILE-NOTFOUND|([^/\]+-)?ld|collect2)[^/\]*( |$)]
  ignore line: [Change Dir: /home/picher/workSpace/codeHub/libgit2-0.26.0/CMakeFiles/CMakeTmp]
  ignore line: []
  ignore line: [Run Build Command:"/usr/bin/make" "cmTC_58fe7/fast"]
  ignore line: [/usr/bin/make -f CMakeFiles/cmTC_58fe7.dir/build.make CMakeFiles/cmTC_58fe7.dir/build]
  ignore line: [make[1]: 进入目录“/home/picher/workSpace/codeHub/libgit2-0.26.0/CMakeFiles/CMakeTmp”]
  ignore line: [Building C object CMakeFiles/cmTC_58fe7.dir/CMakeCCompilerABI.c.o]
  ignore line: [/usr/bin/cc    -o CMakeFiles/cmTC_58fe7.dir/CMakeCCompilerABI.c.o   -c /usr/share/cmake-3.9/Modules/CMakeCCompilerABI.c]
  ignore line: [Linking C executable cmTC_58fe7]
  ignore line: [/usr/bin/cmake -E cmake_link_script CMakeFiles/cmTC_58fe7.dir/link.txt --verbose=1]
  ignore line: [/usr/bin/cc     -v -rdynamic CMakeFiles/cmTC_58fe7.dir/CMakeCCompilerABI.c.o  -o cmTC_58fe7 ]
  ignore line: [使用内建 specs。]
  ignore line: [COLLECT_GCC=/usr/bin/cc]
  ignore line: [COLLECT_LTO_WRAPPER=/usr/lib/gcc/x86_64-pc-linux-gnu/7.2.0/lto-wrapper]
  ignore line: [目标：x86_64-pc-linux-gnu]
  ignore line: [配置为：/build/gcc/src/gcc/configure --prefix=/usr --libdir=/usr/lib --libexecdir=/usr/lib --mandir=/usr/share/man --infodir=/usr/share/info --with-bugurl=https://bugs.archlinux.org/ --enable-languages=c,c++,ada,fortran,go,lto,objc,obj-c++ --enable-shared --enable-threads=posix --enable-libmpx --with-system-zlib --with-isl --enable-__cxa_atexit --disable-libunwind-exceptions --enable-clocale=gnu --disable-libstdcxx-pch --disable-libssp --enable-gnu-unique-object --enable-linker-build-id --enable-lto --enable-plugin --enable-install-libiberty --with-linker-hash-style=gnu --enable-gnu-indirect-function --disable-multilib --disable-werror --enable-checking=release --enable-default-pie --enable-default-ssp]
  ignore line: [线程模型：posix]
  ignore line: [gcc 版本 7.2.0 (GCC) ]
  ignore line: [COMPILER_PATH=/usr/lib/gcc/x86_64-pc-linux-gnu/7.2.0/:/usr/lib/gcc/x86_64-pc-linux-gnu/7.2.0/:/usr/lib/gcc/x86_64-pc-linux-gnu/:/usr/lib/gcc/x86_64-pc-linux-gnu/7.2.0/:/usr/lib/gcc/x86_64-pc-linux-gnu/]
  ignore line: [LIBRARY_PATH=/usr/lib/gcc/x86_64-pc-linux-gnu/7.2.0/:/usr/lib/gcc/x86_64-pc-linux-gnu/7.2.0/../../../../lib/:/lib/../lib/:/usr/lib/../lib/:/usr/lib/gcc/x86_64-pc-linux-gnu/7.2.0/../../../:/lib/:/usr/lib/]
  ignore line: [COLLECT_GCC_OPTIONS='-v' '-rdynamic' '-o' 'cmTC_58fe7' '-mtune=generic' '-march=x86-64']
  link line: [ /usr/lib/gcc/x86_64-pc-linux-gnu/7.2.0/collect2 -plugin /usr/lib/gcc/x86_64-pc-linux-gnu/7.2.0/liblto_plugin.so -plugin-opt=/usr/lib/gcc/x86_64-pc-linux-gnu/7.2.0/lto-wrapper -plugin-opt=-fresolution=/tmp/ccgpn3vb.res -plugin-opt=-pass-through=-lgcc -plugin-opt=-pass-through=-lgcc_s -plugin-opt=-pass-through=-lc -plugin-opt=-pass-through=-lgcc -plugin-opt=-pass-through=-lgcc_s --build-id --eh-frame-hdr --hash-style=gnu -m elf_x86_64 -export-dynamic -dynamic-linker /lib64/ld-linux-x86-64.so.2 -pie -o cmTC_58fe7 /usr/lib/gcc/x86_64-pc-linux-gnu/7.2.0/../../../../lib/Scrt1.o /usr/lib/gcc/x86_64-pc-linux-gnu/7.2.0/../../../../lib/crti.o /usr/lib/gcc/x86_64-pc-linux-gnu/7.2.0/crtbeginS.o -L/usr/lib/gcc/x86_64-pc-linux-gnu/7.2.0 -L/usr/lib/gcc/x86_64-pc-linux-gnu/7.2.0/../../../../lib -L/lib/../lib -L/usr/lib/../lib -L/usr/lib/gcc/x86_64-pc-linux-gnu/7.2.0/../../.. CMakeFiles/cmTC_58fe7.dir/CMakeCCompilerABI.c.o -lgcc --as-needed -lgcc_s --no-as-needed -lc -lgcc --as-needed -lgcc_s --no-as-needed /usr/lib/gcc/x86_64-pc-linux-gnu/7.2.0/crtendS.o /usr/lib/gcc/x86_64-pc-linux-gnu/7.2.0/../../../../lib/crtn.o]
    arg [/usr/lib/gcc/x86_64-pc-linux-gnu/7.2.0/collect2] ==> ignore
    arg [-plugin] ==> ignore
    arg [/usr/lib/gcc/x86_64-pc-linux-gnu/7.2.0/liblto_plugin.so] ==> ignore
    arg [-plugin-opt=/usr/lib/gcc/x86_64-pc-linux-gnu/7.2.0/lto-wrapper] ==> ignore
    arg [-plugin-opt=-fresolution=/tmp/ccgpn3vb.res] ==> ignore
    arg [-plugin-opt=-pass-through=-lgcc] ==> ignore
    arg [-plugin-opt=-pass-through=-lgcc_s] ==> ignore
    arg [-plugin-opt=-pass-through=-lc] ==> ignore
    arg [-plugin-opt=-pass-through=-lgcc] ==> ignore
    arg [-plugin-opt=-pass-through=-lgcc_s] ==> ignore
    arg [--build-id] ==> ignore
    arg [--eh-frame-hdr] ==> ignore
    arg [--hash-style=gnu] ==> ignore
    arg [-m] ==> ignore
    arg [elf_x86_64] ==> ignore
    arg [-export-dynamic] ==> ignore
    arg [-dynamic-linker] ==> ignore
    arg [/lib64/ld-linux-x86-64.so.2] ==> ignore
    arg [-pie] ==> ignore
    arg [-o] ==> ignore
    arg [cmTC_58fe7] ==> ignore
    arg [/usr/lib/gcc/x86_64-pc-linux-gnu/7.2.0/../../../../lib/Scrt1.o] ==> ignore
    arg [/usr/lib/gcc/x86_64-pc-linux-gnu/7.2.0/../../../../lib/crti.o] ==> ignore
    arg [/usr/lib/gcc/x86_64-pc-linux-gnu/7.2.0/crtbeginS.o] ==> ignore
    arg [-L/usr/lib/gcc/x86_64-pc-linux-gnu/7.2.0] ==> dir [/usr/lib/gcc/x86_64-pc-linux-gnu/7.2.0]
    arg [-L/usr/lib/gcc/x86_64-pc-linux-gnu/7.2.0/../../../../lib] ==> dir [/usr/lib/gcc/x86_64-pc-linux-gnu/7.2.0/../../../../lib]
    arg [-L/lib/../lib] ==> dir [/lib/../lib]
    arg [-L/usr/lib/../lib] ==> dir [/usr/lib/../lib]
    arg [-L/usr/lib/gcc/x86_64-pc-linux-gnu/7.2.0/../../..] ==> dir [/usr/lib/gcc/x86_64-pc-linux-gnu/7.2.0/../../..]
    arg [CMakeFiles/cmTC_58fe7.dir/CMakeCCompilerABI.c.o] ==> ignore
    arg [-lgcc] ==> lib [gcc]
    arg [--as-needed] ==> ignore
    arg [-lgcc_s] ==> lib [gcc_s]
    arg [--no-as-needed] ==> ignore
    arg [-lc] ==> lib [c]
    arg [-lgcc] ==> lib [gcc]
    arg [--as-needed] ==> ignore
    arg [-lgcc_s] ==> lib [gcc_s]
    arg [--no-as-needed] ==> ignore
    arg [/usr/lib/gcc/x86_64-pc-linux-gnu/7.2.0/crtendS.o] ==> ignore
    arg [/usr/lib/gcc/x86_64-pc-linux-gnu/7.2.0/../../../../lib/crtn.o] ==> ignore
  collapse library dir [/usr/lib/gcc/x86_64-pc-linux-gnu/7.2.0] ==> [/usr/lib/gcc/x86_64-pc-linux-gnu/7.2.0]
  collapse library dir [/usr/lib/gcc/x86_64-pc-linux-gnu/7.2.0/../../../../lib] ==> [/usr/lib]
  collapse library dir [/lib/../lib] ==> [/lib]
  collapse library dir [/usr/lib/../lib] ==> [/usr/lib]
  collapse library dir [/usr/lib/gcc/x86_64-pc-linux-gnu/7.2.0/../../..] ==> [/usr/lib]
  implicit libs: [gcc;gcc_s;c;gcc;gcc_s]
  implicit dirs: [/usr/lib/gcc/x86_64-pc-linux-gnu/7.2.0;/usr/lib;/lib]
  implicit fwks: []




Detecting C [-std=c11] compiler features compiled with the following output:
Change Dir: /home/picher/workSpace/codeHub/libgit2-0.26.0/CMakeFiles/CMakeTmp

Run Build Command:"/usr/bin/make" "cmTC_4ef70/fast"
/usr/bin/make -f CMakeFiles/cmTC_4ef70.dir/build.make CMakeFiles/cmTC_4ef70.dir/build
make[1]: 进入目录“/home/picher/workSpace/codeHub/libgit2-0.26.0/CMakeFiles/CMakeTmp”
Building C object CMakeFiles/cmTC_4ef70.dir/feature_tests.c.o
/usr/bin/cc   -std=c11 -o CMakeFiles/cmTC_4ef70.dir/feature_tests.c.o   -c /home/picher/workSpace/codeHub/libgit2-0.26.0/CMakeFiles/feature_tests.c
Linking C executable cmTC_4ef70
/usr/bin/cmake -E cmake_link_script CMakeFiles/cmTC_4ef70.dir/link.txt --verbose=1
/usr/bin/cc      -rdynamic CMakeFiles/cmTC_4ef70.dir/feature_tests.c.o  -o cmTC_4ef70 
make[1]: 离开目录“/home/picher/workSpace/codeHub/libgit2-0.26.0/CMakeFiles/CMakeTmp”


    Feature record: C_FEATURE:1c_function_prototypes
    Feature record: C_FEATURE:1c_restrict
    Feature record: C_FEATURE:1c_static_assert
    Feature record: C_FEATURE:1c_variadic_macros


Detecting C [-std=c99] compiler features compiled with the following output:
Change Dir: /home/picher/workSpace/codeHub/libgit2-0.26.0/CMakeFiles/CMakeTmp

Run Build Command:"/usr/bin/make" "cmTC_133a8/fast"
/usr/bin/make -f CMakeFiles/cmTC_133a8.dir/build.make CMakeFiles/cmTC_133a8.dir/build
make[1]: 进入目录“/home/picher/workSpace/codeHub/libgit2-0.26.0/CMakeFiles/CMakeTmp”
Building C object CMakeFiles/cmTC_133a8.dir/feature_tests.c.o
/usr/bin/cc   -std=c99 -o CMakeFiles/cmTC_133a8.dir/feature_tests.c.o   -c /home/picher/workSpace/codeHub/libgit2-0.26.0/CMakeFiles/feature_tests.c
Linking C executable cmTC_133a8
/usr/bin/cmake -E cmake_link_script CMakeFiles/cmTC_133a8.dir/link.txt --verbose=1
/usr/bin/cc      -rdynamic CMakeFiles/cmTC_133a8.dir/feature_tests.c.o  -o cmTC_133a8 
make[1]: 离开目录“/home/picher/workSpace/codeHub/libgit2-0.26.0/CMakeFiles/CMakeTmp”


    Feature record: C_FEATURE:1c_function_prototypes
    Feature record: C_FEATURE:1c_restrict
    Feature record: C_FEATURE:0c_static_assert
    Feature record: C_FEATURE:1c_variadic_macros


Detecting C [-std=c90] compiler features compiled with the following output:
Change Dir: /home/picher/workSpace/codeHub/libgit2-0.26.0/CMakeFiles/CMakeTmp

Run Build Command:"/usr/bin/make" "cmTC_5253d/fast"
/usr/bin/make -f CMakeFiles/cmTC_5253d.dir/build.make CMakeFiles/cmTC_5253d.dir/build
make[1]: 进入目录“/home/picher/workSpace/codeHub/libgit2-0.26.0/CMakeFiles/CMakeTmp”
Building C object CMakeFiles/cmTC_5253d.dir/feature_tests.c.o
/usr/bin/cc   -std=c90 -o CMakeFiles/cmTC_5253d.dir/feature_tests.c.o   -c /home/picher/workSpace/codeHub/libgit2-0.26.0/CMakeFiles/feature_tests.c
Linking C executable cmTC_5253d
/usr/bin/cmake -E cmake_link_script CMakeFiles/cmTC_5253d.dir/link.txt --verbose=1
/usr/bin/cc      -rdynamic CMakeFiles/cmTC_5253d.dir/feature_tests.c.o  -o cmTC_5253d 
make[1]: 离开目录“/home/picher/workSpace/codeHub/libgit2-0.26.0/CMakeFiles/CMakeTmp”


    Feature record: C_FEATURE:1c_function_prototypes
    Feature record: C_FEATURE:0c_restrict
    Feature record: C_FEATURE:0c_static_assert
    Feature record: C_FEATURE:0c_variadic_macros
Performing C SOURCE FILE Test HAVE_STRUCT_STAT_ST_MTIM succeeded with the following output:
Change Dir: /home/picher/workSpace/codeHub/libgit2-0.26.0/CMakeFiles/CMakeTmp

Run Build Command:"/usr/bin/make" "cmTC_37c88/fast"
/usr/bin/make -f CMakeFiles/cmTC_37c88.dir/build.make CMakeFiles/cmTC_37c88.dir/build
make[1]: 进入目录“/home/picher/workSpace/codeHub/libgit2-0.26.0/CMakeFiles/CMakeTmp”
Building C object CMakeFiles/cmTC_37c88.dir/src.c.o
/usr/bin/cc   -DHAVE_STRUCT_STAT_ST_MTIM   -o CMakeFiles/cmTC_37c88.dir/src.c.o   -c /home/picher/workSpace/codeHub/libgit2-0.26.0/CMakeFiles/CMakeTmp/src.c
Linking C executable cmTC_37c88
/usr/bin/cmake -E cmake_link_script CMakeFiles/cmTC_37c88.dir/link.txt --verbose=1
/usr/bin/cc  -DHAVE_STRUCT_STAT_ST_MTIM    -rdynamic CMakeFiles/cmTC_37c88.dir/src.c.o  -o cmTC_37c88 
make[1]: 离开目录“/home/picher/workSpace/codeHub/libgit2-0.26.0/CMakeFiles/CMakeTmp”

Source file was:

#include <sys/types.h>
#include <sys/stat.h>

int main()
{
   (void)sizeof(((struct stat *)0)->st_mtim);
   return 0;
}

Performing C SOURCE FILE Test HAVE_STRUCT_STAT_NSEC succeeded with the following output:
Change Dir: /home/picher/workSpace/codeHub/libgit2-0.26.0/CMakeFiles/CMakeTmp

Run Build Command:"/usr/bin/make" "cmTC_69a30/fast"
/usr/bin/make -f CMakeFiles/cmTC_69a30.dir/build.make CMakeFiles/cmTC_69a30.dir/build
make[1]: 进入目录“/home/picher/workSpace/codeHub/libgit2-0.26.0/CMakeFiles/CMakeTmp”
Building C object CMakeFiles/cmTC_69a30.dir/src.c.o
/usr/bin/cc   -DHAVE_STRUCT_STAT_NSEC   -o CMakeFiles/cmTC_69a30.dir/src.c.o   -c /home/picher/workSpace/codeHub/libgit2-0.26.0/CMakeFiles/CMakeTmp/src.c
Linking C executable cmTC_69a30
/usr/bin/cmake -E cmake_link_script CMakeFiles/cmTC_69a30.dir/link.txt --verbose=1
/usr/bin/cc  -DHAVE_STRUCT_STAT_NSEC    -rdynamic CMakeFiles/cmTC_69a30.dir/src.c.o  -o cmTC_69a30 
make[1]: 离开目录“/home/picher/workSpace/codeHub/libgit2-0.26.0/CMakeFiles/CMakeTmp”

Source file was:

#include <sys/stat.h>

int main()
{
   (void)sizeof(((struct stat *)0)->st_mtim.tv_nsec);
   return 0;
}

Determining if the function libssh2_userauth_publickey_frommemory exists in the ssh2 passed with the following output:
Change Dir: /home/picher/workSpace/codeHub/libgit2-0.26.0/CMakeFiles/CMakeTmp

Run Build Command:"/usr/bin/make" "cmTC_a4065/fast"
/usr/bin/make -f CMakeFiles/cmTC_a4065.dir/build.make CMakeFiles/cmTC_a4065.dir/build
make[1]: 进入目录“/home/picher/workSpace/codeHub/libgit2-0.26.0/CMakeFiles/CMakeTmp”
Building C object CMakeFiles/cmTC_a4065.dir/CheckFunctionExists.c.o
/usr/bin/cc   -DCHECK_FUNCTION_EXISTS=libssh2_userauth_publickey_frommemory   -o CMakeFiles/cmTC_a4065.dir/CheckFunctionExists.c.o   -c /usr/share/cmake-3.9/Modules/CheckFunctionExists.c
Linking C executable cmTC_a4065
/usr/bin/cmake -E cmake_link_script CMakeFiles/cmTC_a4065.dir/link.txt --verbose=1
/usr/bin/cc  -DCHECK_FUNCTION_EXISTS=libssh2_userauth_publickey_frommemory    -rdynamic CMakeFiles/cmTC_a4065.dir/CheckFunctionExists.c.o  -o cmTC_a4065 -lssh2 
make[1]: 离开目录“/home/picher/workSpace/codeHub/libgit2-0.26.0/CMakeFiles/CMakeTmp”


Performing C SOURCE FILE Test IS_WALL_SUPPORTED succeeded with the following output:
Change Dir: /home/picher/workSpace/codeHub/libgit2-0.26.0/CMakeFiles/CMakeTmp

Run Build Command:"/usr/bin/make" "cmTC_d845d/fast"
/usr/bin/make -f CMakeFiles/cmTC_d845d.dir/build.make CMakeFiles/cmTC_d845d.dir/build
make[1]: Entering directory '/home/picher/workSpace/codeHub/libgit2-0.26.0/CMakeFiles/CMakeTmp'
Building C object CMakeFiles/cmTC_d845d.dir/src.c.o
/usr/bin/cc   -D_GNU_SOURCE  -DIS_WALL_SUPPORTED   -Wall -o CMakeFiles/cmTC_d845d.dir/src.c.o   -c /home/picher/workSpace/codeHub/libgit2-0.26.0/CMakeFiles/CMakeTmp/src.c
Linking C executable cmTC_d845d
/usr/bin/cmake -E cmake_link_script CMakeFiles/cmTC_d845d.dir/link.txt --verbose=1
/usr/bin/cc -D_GNU_SOURCE  -DIS_WALL_SUPPORTED    -rdynamic CMakeFiles/cmTC_d845d.dir/src.c.o  -o cmTC_d845d 
make[1]: Leaving directory '/home/picher/workSpace/codeHub/libgit2-0.26.0/CMakeFiles/CMakeTmp'

Source file was:
int main(void) { return 0; }
Performing C SOURCE FILE Test IS_WEXTRA_SUPPORTED succeeded with the following output:
Change Dir: /home/picher/workSpace/codeHub/libgit2-0.26.0/CMakeFiles/CMakeTmp

Run Build Command:"/usr/bin/make" "cmTC_25480/fast"
/usr/bin/make -f CMakeFiles/cmTC_25480.dir/build.make CMakeFiles/cmTC_25480.dir/build
make[1]: Entering directory '/home/picher/workSpace/codeHub/libgit2-0.26.0/CMakeFiles/CMakeTmp'
Building C object CMakeFiles/cmTC_25480.dir/src.c.o
/usr/bin/cc   -D_GNU_SOURCE  -Wall -DIS_WEXTRA_SUPPORTED   -Wextra -o CMakeFiles/cmTC_25480.dir/src.c.o   -c /home/picher/workSpace/codeHub/libgit2-0.26.0/CMakeFiles/CMakeTmp/src.c
Linking C executable cmTC_25480
/usr/bin/cmake -E cmake_link_script CMakeFiles/cmTC_25480.dir/link.txt --verbose=1
/usr/bin/cc -D_GNU_SOURCE  -Wall -DIS_WEXTRA_SUPPORTED    -rdynamic CMakeFiles/cmTC_25480.dir/src.c.o  -o cmTC_25480 
make[1]: Leaving directory '/home/picher/workSpace/codeHub/libgit2-0.26.0/CMakeFiles/CMakeTmp'

Source file was:
int main(void) { return 0; }
Performing C SOURCE FILE Test IS_FVISIBILITY=HIDDEN_SUPPORTED succeeded with the following output:
Change Dir: /home/picher/workSpace/codeHub/libgit2-0.26.0/CMakeFiles/CMakeTmp

Run Build Command:"/usr/bin/make" "cmTC_9949f/fast"
/usr/bin/make -f CMakeFiles/cmTC_9949f.dir/build.make CMakeFiles/cmTC_9949f.dir/build
make[1]: Entering directory '/home/picher/workSpace/codeHub/libgit2-0.26.0/CMakeFiles/CMakeTmp'
Building C object CMakeFiles/cmTC_9949f.dir/src.c.o
/usr/bin/cc   -D_GNU_SOURCE  -Wall -Wextra -DIS_FVISIBILITY=HIDDEN_SUPPORTED   -fvisibility=hidden -o CMakeFiles/cmTC_9949f.dir/src.c.o   -c /home/picher/workSpace/codeHub/libgit2-0.26.0/CMakeFiles/CMakeTmp/src.c
Linking C executable cmTC_9949f
/usr/bin/cmake -E cmake_link_script CMakeFiles/cmTC_9949f.dir/link.txt --verbose=1
/usr/bin/cc -D_GNU_SOURCE  -Wall -Wextra -DIS_FVISIBILITY=HIDDEN_SUPPORTED    -rdynamic CMakeFiles/cmTC_9949f.dir/src.c.o  -o cmTC_9949f 
make[1]: Leaving directory '/home/picher/workSpace/codeHub/libgit2-0.26.0/CMakeFiles/CMakeTmp'

Source file was:
int main(void) { return 0; }
Performing C SOURCE FILE Test IS_WNO-MISSING-FIELD-INITIALIZERS_SUPPORTED succeeded with the following output:
Change Dir: /home/picher/workSpace/codeHub/libgit2-0.26.0/CMakeFiles/CMakeTmp

Run Build Command:"/usr/bin/make" "cmTC_4df70/fast"
/usr/bin/make -f CMakeFiles/cmTC_4df70.dir/build.make CMakeFiles/cmTC_4df70.dir/build
make[1]: Entering directory '/home/picher/workSpace/codeHub/libgit2-0.26.0/CMakeFiles/CMakeTmp'
Building C object CMakeFiles/cmTC_4df70.dir/src.c.o
/usr/bin/cc   -D_GNU_SOURCE  -Wall -Wextra -fvisibility=hidden -fPIC -DIS_WNO-MISSING-FIELD-INITIALIZERS_SUPPORTED   -Wno-missing-field-initializers -o CMakeFiles/cmTC_4df70.dir/src.c.o   -c /home/picher/workSpace/codeHub/libgit2-0.26.0/CMakeFiles/CMakeTmp/src.c
<command-line>:0:7: warning: ISO C99 requires whitespace after the macro name
Linking C executable cmTC_4df70
/usr/bin/cmake -E cmake_link_script CMakeFiles/cmTC_4df70.dir/link.txt --verbose=1
/usr/bin/cc -D_GNU_SOURCE  -Wall -Wextra -fvisibility=hidden -fPIC -DIS_WNO-MISSING-FIELD-INITIALIZERS_SUPPORTED    -rdynamic CMakeFiles/cmTC_4df70.dir/src.c.o  -o cmTC_4df70 
make[1]: Leaving directory '/home/picher/workSpace/codeHub/libgit2-0.26.0/CMakeFiles/CMakeTmp'

Source file was:
int main(void) { return 0; }
Performing C SOURCE FILE Test IS_WSTRICT-ALIASING=2_SUPPORTED succeeded with the following output:
Change Dir: /home/picher/workSpace/codeHub/libgit2-0.26.0/CMakeFiles/CMakeTmp

Run Build Command:"/usr/bin/make" "cmTC_5944c/fast"
/usr/bin/make -f CMakeFiles/cmTC_5944c.dir/build.make CMakeFiles/cmTC_5944c.dir/build
make[1]: Entering directory '/home/picher/workSpace/codeHub/libgit2-0.26.0/CMakeFiles/CMakeTmp'
Building C object CMakeFiles/cmTC_5944c.dir/src.c.o
/usr/bin/cc   -D_GNU_SOURCE  -Wall -Wextra -fvisibility=hidden -fPIC -Wno-missing-field-initializers -DIS_WSTRICT-ALIASING=2_SUPPORTED   -Wstrict-aliasing=2 -o CMakeFiles/cmTC_5944c.dir/src.c.o   -c /home/picher/workSpace/codeHub/libgit2-0.26.0/CMakeFiles/CMakeTmp/src.c
<command-line>:0:11: warning: ISO C99 requires whitespace after the macro name
Linking C executable cmTC_5944c
/usr/bin/cmake -E cmake_link_script CMakeFiles/cmTC_5944c.dir/link.txt --verbose=1
/usr/bin/cc -D_GNU_SOURCE  -Wall -Wextra -fvisibility=hidden -fPIC -Wno-missing-field-initializers -DIS_WSTRICT-ALIASING=2_SUPPORTED    -rdynamic CMakeFiles/cmTC_5944c.dir/src.c.o  -o cmTC_5944c 
make[1]: Leaving directory '/home/picher/workSpace/codeHub/libgit2-0.26.0/CMakeFiles/CMakeTmp'

Source file was:
int main(void) { return 0; }
Performing C SOURCE FILE Test IS_WSTRICT-PROTOTYPES_SUPPORTED succeeded with the following output:
Change Dir: /home/picher/workSpace/codeHub/libgit2-0.26.0/CMakeFiles/CMakeTmp

Run Build Command:"/usr/bin/make" "cmTC_c2477/fast"
/usr/bin/make -f CMakeFiles/cmTC_c2477.dir/build.make CMakeFiles/cmTC_c2477.dir/build
make[1]: Entering directory '/home/picher/workSpace/codeHub/libgit2-0.26.0/CMakeFiles/CMakeTmp'
Building C object CMakeFiles/cmTC_c2477.dir/src.c.o
/usr/bin/cc   -D_GNU_SOURCE  -Wall -Wextra -fvisibility=hidden -fPIC -Wno-missing-field-initializers -Wstrict-aliasing=2 -DIS_WSTRICT-PROTOTYPES_SUPPORTED   -Wstrict-prototypes -o CMakeFiles/cmTC_c2477.dir/src.c.o   -c /home/picher/workSpace/codeHub/libgit2-0.26.0/CMakeFiles/CMakeTmp/src.c
<command-line>:0:11: warning: ISO C99 requires whitespace after the macro name
Linking C executable cmTC_c2477
/usr/bin/cmake -E cmake_link_script CMakeFiles/cmTC_c2477.dir/link.txt --verbose=1
/usr/bin/cc -D_GNU_SOURCE  -Wall -Wextra -fvisibility=hidden -fPIC -Wno-missing-field-initializers -Wstrict-aliasing=2 -DIS_WSTRICT-PROTOTYPES_SUPPORTED    -rdynamic CMakeFiles/cmTC_c2477.dir/src.c.o  -o cmTC_c2477 
make[1]: Leaving directory '/home/picher/workSpace/codeHub/libgit2-0.26.0/CMakeFiles/CMakeTmp'

Source file was:
int main(void) { return 0; }
Performing C SOURCE FILE Test IS_WDECLARATION-AFTER-STATEMENT_SUPPORTED succeeded with the following output:
Change Dir: /home/picher/workSpace/codeHub/libgit2-0.26.0/CMakeFiles/CMakeTmp

Run Build Command:"/usr/bin/make" "cmTC_f850a/fast"
/usr/bin/make -f CMakeFiles/cmTC_f850a.dir/build.make CMakeFiles/cmTC_f850a.dir/build
make[1]: Entering directory '/home/picher/workSpace/codeHub/libgit2-0.26.0/CMakeFiles/CMakeTmp'
Building C object CMakeFiles/cmTC_f850a.dir/src.c.o
/usr/bin/cc   -D_GNU_SOURCE  -Wall -Wextra -fvisibility=hidden -fPIC -Wno-missing-field-initializers -Wstrict-aliasing=2 -Wstrict-prototypes -DIS_WDECLARATION-AFTER-STATEMENT_SUPPORTED   -Wdeclaration-after-statement -o CMakeFiles/cmTC_f850a.dir/src.c.o   -c /home/picher/workSpace/codeHub/libgit2-0.26.0/CMakeFiles/CMakeTmp/src.c
<command-line>:0:16: warning: ISO C99 requires whitespace after the macro name
Linking C executable cmTC_f850a
/usr/bin/cmake -E cmake_link_script CMakeFiles/cmTC_f850a.dir/link.txt --verbose=1
/usr/bin/cc -D_GNU_SOURCE  -Wall -Wextra -fvisibility=hidden -fPIC -Wno-missing-field-initializers -Wstrict-aliasing=2 -Wstrict-prototypes -DIS_WDECLARATION-AFTER-STATEMENT_SUPPORTED    -rdynamic CMakeFiles/cmTC_f850a.dir/src.c.o  -o cmTC_f850a 
make[1]: Leaving directory '/home/picher/workSpace/codeHub/libgit2-0.26.0/CMakeFiles/CMakeTmp'

Source file was:
int main(void) { return 0; }
Performing C SOURCE FILE Test IS_WNO-UNUSED-CONST-VARIABLE_SUPPORTED succeeded with the following output:
Change Dir: /home/picher/workSpace/codeHub/libgit2-0.26.0/CMakeFiles/CMakeTmp

Run Build Command:"/usr/bin/make" "cmTC_c9787/fast"
/usr/bin/make -f CMakeFiles/cmTC_c9787.dir/build.make CMakeFiles/cmTC_c9787.dir/build
make[1]: Entering directory '/home/picher/workSpace/codeHub/libgit2-0.26.0/CMakeFiles/CMakeTmp'
Building C object CMakeFiles/cmTC_c9787.dir/src.c.o
/usr/bin/cc   -D_GNU_SOURCE  -Wall -Wextra -fvisibility=hidden -fPIC -Wno-missing-field-initializers -Wstrict-aliasing=2 -Wstrict-prototypes -Wdeclaration-after-statement -DIS_WNO-UNUSED-CONST-VARIABLE_SUPPORTED   -Wno-unused-const-variable -o CMakeFiles/cmTC_c9787.dir/src.c.o   -c /home/picher/workSpace/codeHub/libgit2-0.26.0/CMakeFiles/CMakeTmp/src.c
<command-line>:0:7: warning: ISO C99 requires whitespace after the macro name
Linking C executable cmTC_c9787
/usr/bin/cmake -E cmake_link_script CMakeFiles/cmTC_c9787.dir/link.txt --verbose=1
/usr/bin/cc -D_GNU_SOURCE  -Wall -Wextra -fvisibility=hidden -fPIC -Wno-missing-field-initializers -Wstrict-aliasing=2 -Wstrict-prototypes -Wdeclaration-after-statement -DIS_WNO-UNUSED-CONST-VARIABLE_SUPPORTED    -rdynamic CMakeFiles/cmTC_c9787.dir/src.c.o  -o cmTC_c9787 
make[1]: Leaving directory '/home/picher/workSpace/codeHub/libgit2-0.26.0/CMakeFiles/CMakeTmp'

Source file was:
int main(void) { return 0; }
Performing C SOURCE FILE Test IS_WNO-UNUSED-FUNCTION_SUPPORTED succeeded with the following output:
Change Dir: /home/picher/workSpace/codeHub/libgit2-0.26.0/CMakeFiles/CMakeTmp

Run Build Command:"/usr/bin/make" "cmTC_3ec94/fast"
/usr/bin/make -f CMakeFiles/cmTC_3ec94.dir/build.make CMakeFiles/cmTC_3ec94.dir/build
make[1]: Entering directory '/home/picher/workSpace/codeHub/libgit2-0.26.0/CMakeFiles/CMakeTmp'
Building C object CMakeFiles/cmTC_3ec94.dir/src.c.o
/usr/bin/cc   -D_GNU_SOURCE  -Wall -Wextra -fvisibility=hidden -fPIC -Wno-missing-field-initializers -Wstrict-aliasing=2 -Wstrict-prototypes -Wdeclaration-after-statement -Wno-unused-const-variable -DIS_WNO-UNUSED-FUNCTION_SUPPORTED   -Wno-unused-function -o CMakeFiles/cmTC_3ec94.dir/src.c.o   -c /home/picher/workSpace/codeHub/libgit2-0.26.0/CMakeFiles/CMakeTmp/src.c
<command-line>:0:7: warning: ISO C99 requires whitespace after the macro name
Linking C executable cmTC_3ec94
/usr/bin/cmake -E cmake_link_script CMakeFiles/cmTC_3ec94.dir/link.txt --verbose=1
/usr/bin/cc -D_GNU_SOURCE  -Wall -Wextra -fvisibility=hidden -fPIC -Wno-missing-field-initializers -Wstrict-aliasing=2 -Wstrict-prototypes -Wdeclaration-after-statement -Wno-unused-const-variable -DIS_WNO-UNUSED-FUNCTION_SUPPORTED    -rdynamic CMakeFiles/cmTC_3ec94.dir/src.c.o  -o cmTC_3ec94 
make[1]: Leaving directory '/home/picher/workSpace/codeHub/libgit2-0.26.0/CMakeFiles/CMakeTmp'

Source file was:
int main(void) { return 0; }
Determining if the function futimens exists passed with the following output:
Change Dir: /home/picher/workSpace/codeHub/libgit2-0.26.0/CMakeFiles/CMakeTmp

Run Build Command:"/usr/bin/make" "cmTC_dd49a/fast"
/usr/bin/make -f CMakeFiles/cmTC_dd49a.dir/build.make CMakeFiles/cmTC_dd49a.dir/build
make[1]: 进入目录“/home/picher/workSpace/codeHub/libgit2-0.26.0/CMakeFiles/CMakeTmp”
Building C object CMakeFiles/cmTC_dd49a.dir/CheckFunctionExists.c.o
/usr/bin/cc   -D_GNU_SOURCE  -Wall -Wextra -fvisibility=hidden -fPIC -Wno-missing-field-initializers -Wstrict-aliasing=2 -Wstrict-prototypes -Wdeclaration-after-statement -Wno-unused-const-variable -Wno-unused-function -DCHECK_FUNCTION_EXISTS=futimens   -o CMakeFiles/cmTC_dd49a.dir/CheckFunctionExists.c.o   -c /usr/share/cmake-3.9/Modules/CheckFunctionExists.c
Linking C executable cmTC_dd49a
/usr/bin/cmake -E cmake_link_script CMakeFiles/cmTC_dd49a.dir/link.txt --verbose=1
/usr/bin/cc -D_GNU_SOURCE  -Wall -Wextra -fvisibility=hidden -fPIC -Wno-missing-field-initializers -Wstrict-aliasing=2 -Wstrict-prototypes -Wdeclaration-after-statement -Wno-unused-const-variable -Wno-unused-function -DCHECK_FUNCTION_EXISTS=futimens    -rdynamic CMakeFiles/cmTC_dd49a.dir/CheckFunctionExists.c.o  -o cmTC_dd49a 
make[1]: 离开目录“/home/picher/workSpace/codeHub/libgit2-0.26.0/CMakeFiles/CMakeTmp”


Determining if the function qsort_r exists passed with the following output:
Change Dir: /home/picher/workSpace/codeHub/libgit2-0.26.0/CMakeFiles/CMakeTmp

Run Build Command:"/usr/bin/make" "cmTC_e2c08/fast"
/usr/bin/make -f CMakeFiles/cmTC_e2c08.dir/build.make CMakeFiles/cmTC_e2c08.dir/build
make[1]: 进入目录“/home/picher/workSpace/codeHub/libgit2-0.26.0/CMakeFiles/CMakeTmp”
Building C object CMakeFiles/cmTC_e2c08.dir/CheckFunctionExists.c.o
/usr/bin/cc   -D_GNU_SOURCE  -Wall -Wextra -fvisibility=hidden -fPIC -Wno-missing-field-initializers -Wstrict-aliasing=2 -Wstrict-prototypes -Wdeclaration-after-statement -Wno-unused-const-variable -Wno-unused-function -DCHECK_FUNCTION_EXISTS=qsort_r   -o CMakeFiles/cmTC_e2c08.dir/CheckFunctionExists.c.o   -c /usr/share/cmake-3.9/Modules/CheckFunctionExists.c
Linking C executable cmTC_e2c08
/usr/bin/cmake -E cmake_link_script CMakeFiles/cmTC_e2c08.dir/link.txt --verbose=1
/usr/bin/cc -D_GNU_SOURCE  -Wall -Wextra -fvisibility=hidden -fPIC -Wno-missing-field-initializers -Wstrict-aliasing=2 -Wstrict-prototypes -Wdeclaration-after-statement -Wno-unused-const-variable -Wno-unused-function -DCHECK_FUNCTION_EXISTS=qsort_r    -rdynamic CMakeFiles/cmTC_e2c08.dir/CheckFunctionExists.c.o  -o cmTC_e2c08 
make[1]: 离开目录“/home/picher/workSpace/codeHub/libgit2-0.26.0/CMakeFiles/CMakeTmp”


Determining if the include file pthread.h exists passed with the following output:
Change Dir: /home/picher/workSpace/codeHub/libgit2-0.26.0/CMakeFiles/CMakeTmp

Run Build Command:"/usr/bin/make" "cmTC_95e53/fast"
/usr/bin/make -f CMakeFiles/cmTC_95e53.dir/build.make CMakeFiles/cmTC_95e53.dir/build
make[1]: 进入目录“/home/picher/workSpace/codeHub/libgit2-0.26.0/CMakeFiles/CMakeTmp”
Building C object CMakeFiles/cmTC_95e53.dir/CheckIncludeFile.c.o
/usr/bin/cc   -D_GNU_SOURCE  -Wall -Wextra -fvisibility=hidden -fPIC -Wno-missing-field-initializers -Wstrict-aliasing=2 -Wstrict-prototypes -Wdeclaration-after-statement -Wno-unused-const-variable -Wno-unused-function    -o CMakeFiles/cmTC_95e53.dir/CheckIncludeFile.c.o   -c /home/picher/workSpace/codeHub/libgit2-0.26.0/CMakeFiles/CMakeTmp/CheckIncludeFile.c
Linking C executable cmTC_95e53
/usr/bin/cmake -E cmake_link_script CMakeFiles/cmTC_95e53.dir/link.txt --verbose=1
/usr/bin/cc -D_GNU_SOURCE  -Wall -Wextra -fvisibility=hidden -fPIC -Wno-missing-field-initializers -Wstrict-aliasing=2 -Wstrict-prototypes -Wdeclaration-after-statement -Wno-unused-const-variable -Wno-unused-function     -rdynamic CMakeFiles/cmTC_95e53.dir/CheckIncludeFile.c.o  -o cmTC_95e53 
make[1]: 离开目录“/home/picher/workSpace/codeHub/libgit2-0.26.0/CMakeFiles/CMakeTmp”


Determining if the function pthread_create exists in the pthread passed with the following output:
Change Dir: /home/picher/workSpace/codeHub/libgit2-0.26.0/CMakeFiles/CMakeTmp

Run Build Command:"/usr/bin/make" "cmTC_52111/fast"
/usr/bin/make -f CMakeFiles/cmTC_52111.dir/build.make CMakeFiles/cmTC_52111.dir/build
make[1]: 进入目录“/home/picher/workSpace/codeHub/libgit2-0.26.0/CMakeFiles/CMakeTmp”
Building C object CMakeFiles/cmTC_52111.dir/CheckFunctionExists.c.o
/usr/bin/cc   -D_GNU_SOURCE  -Wall -Wextra -fvisibility=hidden -fPIC -Wno-missing-field-initializers -Wstrict-aliasing=2 -Wstrict-prototypes -Wdeclaration-after-statement -Wno-unused-const-variable -Wno-unused-function -DCHECK_FUNCTION_EXISTS=pthread_create   -o CMakeFiles/cmTC_52111.dir/CheckFunctionExists.c.o   -c /usr/share/cmake-3.9/Modules/CheckFunctionExists.c
Linking C executable cmTC_52111
/usr/bin/cmake -E cmake_link_script CMakeFiles/cmTC_52111.dir/link.txt --verbose=1
/usr/bin/cc -D_GNU_SOURCE  -Wall -Wextra -fvisibility=hidden -fPIC -Wno-missing-field-initializers -Wstrict-aliasing=2 -Wstrict-prototypes -Wdeclaration-after-statement -Wno-unused-const-variable -Wno-unused-function -DCHECK_FUNCTION_EXISTS=pthread_create    -rdynamic CMakeFiles/cmTC_52111.dir/CheckFunctionExists.c.o  -o cmTC_52111 -lpthread 
make[1]: 离开目录“/home/picher/workSpace/codeHub/libgit2-0.26.0/CMakeFiles/CMakeTmp”


Determining if the function clock_gettime exists in the rt passed with the following output:
Change Dir: /home/picher/workSpace/codeHub/libgit2-0.26.0/CMakeFiles/CMakeTmp

Run Build Command:"/usr/bin/make" "cmTC_3d655/fast"
/usr/bin/make -f CMakeFiles/cmTC_3d655.dir/build.make CMakeFiles/cmTC_3d655.dir/build
make[1]: 进入目录“/home/picher/workSpace/codeHub/libgit2-0.26.0/CMakeFiles/CMakeTmp”
Building C object CMakeFiles/cmTC_3d655.dir/CheckFunctionExists.c.o
/usr/bin/cc   -D_GNU_SOURCE  -Wall -Wextra -fvisibility=hidden -fPIC -Wno-missing-field-initializers -Wstrict-aliasing=2 -Wstrict-prototypes -Wdeclaration-after-statement -Wno-unused-const-variable -Wno-unused-function -DCHECK_FUNCTION_EXISTS=clock_gettime   -o CMakeFiles/cmTC_3d655.dir/CheckFunctionExists.c.o   -c /usr/share/cmake-3.9/Modules/CheckFunctionExists.c
Linking C executable cmTC_3d655
/usr/bin/cmake -E cmake_link_script CMakeFiles/cmTC_3d655.dir/link.txt --verbose=1
/usr/bin/cc -D_GNU_SOURCE  -Wall -Wextra -fvisibility=hidden -fPIC -Wno-missing-field-initializers -Wstrict-aliasing=2 -Wstrict-prototypes -Wdeclaration-after-statement -Wno-unused-const-variable -Wno-unused-function -DCHECK_FUNCTION_EXISTS=clock_gettime    -rdynamic CMakeFiles/cmTC_3d655.dir/CheckFunctionExists.c.o  -o cmTC_3d655  -L/home/picher/workSpace/codeHub/libgit2-0.26.0/CMakeFiles/CMakeTmp/time.h -Wl,-rpath,/home/picher/workSpace/codeHub/libgit2-0.26.0/CMakeFiles/CMakeTmp/time.h -lrt 
make[1]: 离开目录“/home/picher/workSpace/codeHub/libgit2-0.26.0/CMakeFiles/CMakeTmp”


