Performing C SOURCE FILE Test HAVE_STRUCT_STAT_ST_MTIMESPEC failed with the following output:
Change Dir: /home/picher/workSpace/codeHub/libgit2-0.26.0/CMakeFiles/CMakeTmp

Run Build Command:"/usr/bin/make" "cmTC_bcf01/fast"
/usr/bin/make -f CMakeFiles/cmTC_bcf01.dir/build.make CMakeFiles/cmTC_bcf01.dir/build
make[1]: 进入目录“/home/picher/workSpace/codeHub/libgit2-0.26.0/CMakeFiles/CMakeTmp”
Building C object CMakeFiles/cmTC_bcf01.dir/src.c.o
/usr/bin/cc   -DHAVE_STRUCT_STAT_ST_MTIMESPEC   -o CMakeFiles/cmTC_bcf01.dir/src.c.o   -c /home/picher/workSpace/codeHub/libgit2-0.26.0/CMakeFiles/CMakeTmp/src.c
/home/picher/workSpace/codeHub/libgit2-0.26.0/CMakeFiles/CMakeTmp/src.c: 在函数‘main’中:
/home/picher/workSpace/codeHub/libgit2-0.26.0/CMakeFiles/CMakeTmp/src.c:7:37: 错误：‘struct stat’ has no member named ‘st_mtimespec’; did you mean ‘st_mtim’?
    (void)sizeof(((struct stat *)0)->st_mtimespec);
                                     ^~~~~~~~~~~~
                                     st_mtim
make[1]: *** [CMakeFiles/cmTC_bcf01.dir/build.make:66：CMakeFiles/cmTC_bcf01.dir/src.c.o] 错误 1
make[1]: 离开目录“/home/picher/workSpace/codeHub/libgit2-0.26.0/CMakeFiles/CMakeTmp”
make: *** [Makefile:126：cmTC_bcf01/fast] 错误 2

Source file was:

#include <sys/types.h>
#include <sys/stat.h>

int main()
{
   (void)sizeof(((struct stat *)0)->st_mtimespec);
   return 0;
}

Performing C SOURCE FILE Test HAVE_STRUCT_STAT_MTIME_NSEC failed with the following output:
Change Dir: /home/picher/workSpace/codeHub/libgit2-0.26.0/CMakeFiles/CMakeTmp

Run Build Command:"/usr/bin/make" "cmTC_e9931/fast"
/usr/bin/make -f CMakeFiles/cmTC_e9931.dir/build.make CMakeFiles/cmTC_e9931.dir/build
make[1]: 进入目录“/home/picher/workSpace/codeHub/libgit2-0.26.0/CMakeFiles/CMakeTmp”
Building C object CMakeFiles/cmTC_e9931.dir/src.c.o
/usr/bin/cc   -DHAVE_STRUCT_STAT_MTIME_NSEC   -o CMakeFiles/cmTC_e9931.dir/src.c.o   -c /home/picher/workSpace/codeHub/libgit2-0.26.0/CMakeFiles/CMakeTmp/src.c
/home/picher/workSpace/codeHub/libgit2-0.26.0/CMakeFiles/CMakeTmp/src.c: 在函数‘main’中:
/home/picher/workSpace/codeHub/libgit2-0.26.0/CMakeFiles/CMakeTmp/src.c:6:37: 错误：‘struct stat’ has no member named ‘st_mtime_nsec’; did you mean ‘st_mtim’?
    (void)sizeof(((struct stat *)0)->st_mtime_nsec);
                                     ^~~~~~~~~~~~~
                                     st_mtim
make[1]: *** [CMakeFiles/cmTC_e9931.dir/build.make:66：CMakeFiles/cmTC_e9931.dir/src.c.o] 错误 1
make[1]: 离开目录“/home/picher/workSpace/codeHub/libgit2-0.26.0/CMakeFiles/CMakeTmp”
make: *** [Makefile:126：cmTC_e9931/fast] 错误 2

Source file was:

#include <sys/stat.h>

int main()
{
   (void)sizeof(((struct stat *)0)->st_mtime_nsec);
   return 0;
}

Performing C SOURCE FILE Test IS_WDOCUMENTATION_SUPPORTED failed with the following output:
Change Dir: /home/picher/workSpace/codeHub/libgit2-0.26.0/CMakeFiles/CMakeTmp

Run Build Command:"/usr/bin/make" "cmTC_95858/fast"
/usr/bin/make -f CMakeFiles/cmTC_95858.dir/build.make CMakeFiles/cmTC_95858.dir/build
make[1]: Entering directory '/home/picher/workSpace/codeHub/libgit2-0.26.0/CMakeFiles/CMakeTmp'
Building C object CMakeFiles/cmTC_95858.dir/src.c.o
/usr/bin/cc   -D_GNU_SOURCE  -Wall -Wextra -fvisibility=hidden -fPIC -DIS_WDOCUMENTATION_SUPPORTED   -Wdocumentation -o CMakeFiles/cmTC_95858.dir/src.c.o   -c /home/picher/workSpace/codeHub/libgit2-0.26.0/CMakeFiles/CMakeTmp/src.c
cc: error: unrecognized command line option '-Wdocumentation'
make[1]: *** [CMakeFiles/cmTC_95858.dir/build.make:66: CMakeFiles/cmTC_95858.dir/src.c.o] Error 1
make[1]: Leaving directory '/home/picher/workSpace/codeHub/libgit2-0.26.0/CMakeFiles/CMakeTmp'
make: *** [Makefile:126: cmTC_95858/fast] Error 2

Source file was:
int main(void) { return 0; }
Determining if the regcomp_l exist failed with the following output:
Change Dir: /home/picher/workSpace/codeHub/libgit2-0.26.0/CMakeFiles/CMakeTmp

Run Build Command:"/usr/bin/make" "cmTC_117c5/fast"
/usr/bin/make -f CMakeFiles/cmTC_117c5.dir/build.make CMakeFiles/cmTC_117c5.dir/build
make[1]: 进入目录“/home/picher/workSpace/codeHub/libgit2-0.26.0/CMakeFiles/CMakeTmp”
Building C object CMakeFiles/cmTC_117c5.dir/CheckSymbolExists.c.o
/usr/bin/cc   -D_GNU_SOURCE  -Wall -Wextra -fvisibility=hidden -fPIC -Wno-missing-field-initializers -Wstrict-aliasing=2 -Wstrict-prototypes -Wdeclaration-after-statement -Wno-unused-const-variable -Wno-unused-function    -o CMakeFiles/cmTC_117c5.dir/CheckSymbolExists.c.o   -c /home/picher/workSpace/codeHub/libgit2-0.26.0/CMakeFiles/CMakeTmp/CheckSymbolExists.c
/home/picher/workSpace/codeHub/libgit2-0.26.0/CMakeFiles/CMakeTmp/CheckSymbolExists.c:3:10: 致命错误：xlocale.h：没有那个文件或目录
 #include <xlocale.h>
          ^~~~~~~~~~~
编译中断。
make[1]: *** [CMakeFiles/cmTC_117c5.dir/build.make:66：CMakeFiles/cmTC_117c5.dir/CheckSymbolExists.c.o] 错误 1
make[1]: 离开目录“/home/picher/workSpace/codeHub/libgit2-0.26.0/CMakeFiles/CMakeTmp”
make: *** [Makefile:126：cmTC_117c5/fast] 错误 2

File /home/picher/workSpace/codeHub/libgit2-0.26.0/CMakeFiles/CMakeTmp/CheckSymbolExists.c:
/* */
#include <regex.h>
#include <xlocale.h>

int main(int argc, char** argv)
{
  (void)argv;
#ifndef regcomp_l
  return ((int*)(&regcomp_l))[argc];
#else
  (void)argc;
  return 0;
#endif
}

Determining if the function qsort_s exists failed with the following output:
Change Dir: /home/picher/workSpace/codeHub/libgit2-0.26.0/CMakeFiles/CMakeTmp

Run Build Command:"/usr/bin/make" "cmTC_13ab2/fast"
/usr/bin/make -f CMakeFiles/cmTC_13ab2.dir/build.make CMakeFiles/cmTC_13ab2.dir/build
make[1]: 进入目录“/home/picher/workSpace/codeHub/libgit2-0.26.0/CMakeFiles/CMakeTmp”
Building C object CMakeFiles/cmTC_13ab2.dir/CheckFunctionExists.c.o
/usr/bin/cc   -D_GNU_SOURCE  -Wall -Wextra -fvisibility=hidden -fPIC -Wno-missing-field-initializers -Wstrict-aliasing=2 -Wstrict-prototypes -Wdeclaration-after-statement -Wno-unused-const-variable -Wno-unused-function -DCHECK_FUNCTION_EXISTS=qsort_s   -o CMakeFiles/cmTC_13ab2.dir/CheckFunctionExists.c.o   -c /usr/share/cmake-3.9/Modules/CheckFunctionExists.c
Linking C executable cmTC_13ab2
/usr/bin/cmake -E cmake_link_script CMakeFiles/cmTC_13ab2.dir/link.txt --verbose=1
/usr/bin/cc -D_GNU_SOURCE  -Wall -Wextra -fvisibility=hidden -fPIC -Wno-missing-field-initializers -Wstrict-aliasing=2 -Wstrict-prototypes -Wdeclaration-after-statement -Wno-unused-const-variable -Wno-unused-function -DCHECK_FUNCTION_EXISTS=qsort_s    -rdynamic CMakeFiles/cmTC_13ab2.dir/CheckFunctionExists.c.o  -o cmTC_13ab2 
CMakeFiles/cmTC_13ab2.dir/CheckFunctionExists.c.o：在函数‘main’中：
CheckFunctionExists.c:(.text+0x10)：对‘qsort_s’未定义的引用
collect2: 错误：ld 返回 1
make[1]: *** [CMakeFiles/cmTC_13ab2.dir/build.make:98：cmTC_13ab2] 错误 1
make[1]: 离开目录“/home/picher/workSpace/codeHub/libgit2-0.26.0/CMakeFiles/CMakeTmp”
make: *** [Makefile:126：cmTC_13ab2/fast] 错误 2


Determining if the pthread_create exist failed with the following output:
Change Dir: /home/picher/workSpace/codeHub/libgit2-0.26.0/CMakeFiles/CMakeTmp

Run Build Command:"/usr/bin/make" "cmTC_6a8b1/fast"
/usr/bin/make -f CMakeFiles/cmTC_6a8b1.dir/build.make CMakeFiles/cmTC_6a8b1.dir/build
make[1]: 进入目录“/home/picher/workSpace/codeHub/libgit2-0.26.0/CMakeFiles/CMakeTmp”
Building C object CMakeFiles/cmTC_6a8b1.dir/CheckSymbolExists.c.o
/usr/bin/cc   -D_GNU_SOURCE  -Wall -Wextra -fvisibility=hidden -fPIC -Wno-missing-field-initializers -Wstrict-aliasing=2 -Wstrict-prototypes -Wdeclaration-after-statement -Wno-unused-const-variable -Wno-unused-function    -o CMakeFiles/cmTC_6a8b1.dir/CheckSymbolExists.c.o   -c /home/picher/workSpace/codeHub/libgit2-0.26.0/CMakeFiles/CMakeTmp/CheckSymbolExists.c
Linking C executable cmTC_6a8b1
/usr/bin/cmake -E cmake_link_script CMakeFiles/cmTC_6a8b1.dir/link.txt --verbose=1
/usr/bin/cc -D_GNU_SOURCE  -Wall -Wextra -fvisibility=hidden -fPIC -Wno-missing-field-initializers -Wstrict-aliasing=2 -Wstrict-prototypes -Wdeclaration-after-statement -Wno-unused-const-variable -Wno-unused-function     -rdynamic CMakeFiles/cmTC_6a8b1.dir/CheckSymbolExists.c.o  -o cmTC_6a8b1 
CMakeFiles/cmTC_6a8b1.dir/CheckSymbolExists.c.o：在函数‘main’中：
CheckSymbolExists.c:(.text+0x1b)：对‘pthread_create’未定义的引用
collect2: 错误：ld 返回 1
make[1]: *** [CMakeFiles/cmTC_6a8b1.dir/build.make:98：cmTC_6a8b1] 错误 1
make[1]: 离开目录“/home/picher/workSpace/codeHub/libgit2-0.26.0/CMakeFiles/CMakeTmp”
make: *** [Makefile:126：cmTC_6a8b1/fast] 错误 2

File /home/picher/workSpace/codeHub/libgit2-0.26.0/CMakeFiles/CMakeTmp/CheckSymbolExists.c:
/* */
#include <pthread.h>

int main(int argc, char** argv)
{
  (void)argv;
#ifndef pthread_create
  return ((int*)(&pthread_create))[argc];
#else
  (void)argc;
  return 0;
#endif
}

Determining if the function pthread_create exists in the pthreads failed with the following output:
Change Dir: /home/picher/workSpace/codeHub/libgit2-0.26.0/CMakeFiles/CMakeTmp

Run Build Command:"/usr/bin/make" "cmTC_20922/fast"
/usr/bin/make -f CMakeFiles/cmTC_20922.dir/build.make CMakeFiles/cmTC_20922.dir/build
make[1]: 进入目录“/home/picher/workSpace/codeHub/libgit2-0.26.0/CMakeFiles/CMakeTmp”
Building C object CMakeFiles/cmTC_20922.dir/CheckFunctionExists.c.o
/usr/bin/cc   -D_GNU_SOURCE  -Wall -Wextra -fvisibility=hidden -fPIC -Wno-missing-field-initializers -Wstrict-aliasing=2 -Wstrict-prototypes -Wdeclaration-after-statement -Wno-unused-const-variable -Wno-unused-function -DCHECK_FUNCTION_EXISTS=pthread_create   -o CMakeFiles/cmTC_20922.dir/CheckFunctionExists.c.o   -c /usr/share/cmake-3.9/Modules/CheckFunctionExists.c
Linking C executable cmTC_20922
/usr/bin/cmake -E cmake_link_script CMakeFiles/cmTC_20922.dir/link.txt --verbose=1
/usr/bin/cc -D_GNU_SOURCE  -Wall -Wextra -fvisibility=hidden -fPIC -Wno-missing-field-initializers -Wstrict-aliasing=2 -Wstrict-prototypes -Wdeclaration-after-statement -Wno-unused-const-variable -Wno-unused-function -DCHECK_FUNCTION_EXISTS=pthread_create    -rdynamic CMakeFiles/cmTC_20922.dir/CheckFunctionExists.c.o  -o cmTC_20922 -lpthreads 
/usr/bin/ld: 找不到 -lpthreads
collect2: 错误：ld 返回 1
make[1]: *** [CMakeFiles/cmTC_20922.dir/build.make:98：cmTC_20922] 错误 1
make[1]: 离开目录“/home/picher/workSpace/codeHub/libgit2-0.26.0/CMakeFiles/CMakeTmp”
make: *** [Makefile:126：cmTC_20922/fast] 错误 2


